<?xml version="1.0" encoding="UTF-8"?>
<testng-results ignored="0" total="5" passed="5" failed="0" skipped="0">
  <reporter-output>
  </reporter-output>
  <suite started-at="2024-02-25T17:19:09 IST" name="Suite" finished-at="2024-02-25T17:22:05 IST" duration-ms="175454">
    <groups>
      <group name="@smoke">
        <method signature="top_Level_menu_test_Tendable.test_contact_us()[pri:5, instance:Tests.top_Level_menu_test_Tendable@3c77d488]" name="test_contact_us" class="Tests.top_Level_menu_test_Tendable"/>
      </group> <!-- @smoke -->
      <group name="@sanity">
        <method signature="top_Level_menu_test_Tendable.Home_Our_Story_test()[pri:2, instance:Tests.top_Level_menu_test_Tendable@3c77d488]" name="Home_Our_Story_test" class="Tests.top_Level_menu_test_Tendable"/>
        <method signature="top_Level_menu_test_Tendable.Home_Our_solution_test()[pri:3, instance:Tests.top_Level_menu_test_Tendable@3c77d488]" name="Home_Our_solution_test" class="Tests.top_Level_menu_test_Tendable"/>
        <method signature="top_Level_menu_test_Tendable.Home_Why_Tendable_test()[pri:4, instance:Tests.top_Level_menu_test_Tendable@3c77d488]" name="Home_Why_Tendable_test" class="Tests.top_Level_menu_test_Tendable"/>
        <method signature="top_Level_menu_test_Tendable.test_contact_us()[pri:5, instance:Tests.top_Level_menu_test_Tendable@3c77d488]" name="test_contact_us" class="Tests.top_Level_menu_test_Tendable"/>
      </group> <!-- @sanity -->
    </groups>
    <test started-at="2024-02-25T17:19:09 IST" name="Test" finished-at="2024-02-25T17:22:05 IST" duration-ms="175454">
      <class name="Tests.top_Level_menu_test_Tendable">
        <test-method is-config="true" signature="testLaunch(java.lang.String)[pri:0, instance:Tests.top_Level_menu_test_Tendable@3c77d488]" started-at="2024-02-25T17:19:10 IST" name="testLaunch" finished-at="2024-02-25T17:19:18 IST" duration-ms="7640" status="PASS">
          <params>
            <param index="0">
              <value>
                <![CDATA[chrome]]>
              </value>
            </param>
          </params>
          <reporter-output>
          </reporter-output>
        </test-method> <!-- testLaunch -->
        <test-method is-config="true" signature="verify_main_Page()[pri:0, instance:Tests.top_Level_menu_test_Tendable@3c77d488]" started-at="2024-02-25T17:19:18 IST" name="verify_main_Page" finished-at="2024-02-25T17:19:18 IST" duration-ms="1" status="PASS">
          <reporter-output>
          </reporter-output>
        </test-method> <!-- verify_main_Page -->
        <test-method signature="Home_menu_test()[pri:1, instance:Tests.top_Level_menu_test_Tendable@3c77d488]" started-at="2024-02-25T17:19:18 IST" name="Home_menu_test" description="verifying home page titile and url" finished-at="2024-02-25T17:19:44 IST" duration-ms="26011" status="PASS">
          <reporter-output>
          </reporter-output>
        </test-method> <!-- Home_menu_test -->
        <test-method is-config="true" signature="afterMethod(org.testng.ITestResult)[pri:0, instance:Tests.top_Level_menu_test_Tendable@3c77d488]" started-at="2024-02-25T17:19:44 IST" name="afterMethod" finished-at="2024-02-25T17:19:44 IST" duration-ms="2" status="PASS">
          <params>
            <param index="0">
              <value>
                <![CDATA[[TestResult name=Home_menu_test status=SUCCESS method=top_Level_menu_test_Tendable.Home_menu_test()[pri:1, instance:Tests.top_Level_menu_test_Tendable@3c77d488] output={null}]]]>
              </value>
            </param>
          </params>
          <reporter-output>
          </reporter-output>
        </test-method> <!-- afterMethod -->
        <test-method is-config="true" signature="verify_main_Page()[pri:0, instance:Tests.top_Level_menu_test_Tendable@3c77d488]" started-at="2024-02-25T17:19:44 IST" name="verify_main_Page" finished-at="2024-02-25T17:19:44 IST" duration-ms="1" status="PASS">
          <reporter-output>
          </reporter-output>
        </test-method> <!-- verify_main_Page -->
        <test-method signature="Home_Our_Story_test()[pri:2, instance:Tests.top_Level_menu_test_Tendable@3c77d488]" started-at="2024-02-25T17:19:44 IST" name="Home_Our_Story_test" description="verifying our story from menus" finished-at="2024-02-25T17:20:38 IST" duration-ms="53818" status="PASS">
          <reporter-output>
          </reporter-output>
        </test-method> <!-- Home_Our_Story_test -->
        <test-method is-config="true" signature="afterMethod(org.testng.ITestResult)[pri:0, instance:Tests.top_Level_menu_test_Tendable@3c77d488]" started-at="2024-02-25T17:20:38 IST" name="afterMethod" finished-at="2024-02-25T17:20:38 IST" duration-ms="2" status="PASS">
          <params>
            <param index="0">
              <value>
                <![CDATA[[TestResult name=Home_Our_Story_test status=SUCCESS method=top_Level_menu_test_Tendable.Home_Our_Story_test()[pri:2, instance:Tests.top_Level_menu_test_Tendable@3c77d488] output={null}]]]>
              </value>
            </param>
          </params>
          <reporter-output>
          </reporter-output>
        </test-method> <!-- afterMethod -->
        <test-method signature="Home_Our_solution_test()[pri:3, instance:Tests.top_Level_menu_test_Tendable@3c77d488]" started-at="2024-02-25T17:20:38 IST" name="Home_Our_solution_test" description="verifying our solution from menus" finished-at="2024-02-25T17:21:23 IST" duration-ms="45597" status="PASS">
          <reporter-output>
          </reporter-output>
        </test-method> <!-- Home_Our_solution_test -->
        <test-method is-config="true" signature="verify_main_Page()[pri:0, instance:Tests.top_Level_menu_test_Tendable@3c77d488]" started-at="2024-02-25T17:20:38 IST" name="verify_main_Page" finished-at="2024-02-25T17:20:38 IST" duration-ms="0" status="PASS">
          <reporter-output>
          </reporter-output>
        </test-method> <!-- verify_main_Page -->
        <test-method is-config="true" signature="afterMethod(org.testng.ITestResult)[pri:0, instance:Tests.top_Level_menu_test_Tendable@3c77d488]" started-at="2024-02-25T17:21:23 IST" name="afterMethod" finished-at="2024-02-25T17:21:23 IST" duration-ms="5" status="PASS">
          <params>
            <param index="0">
              <value>
                <![CDATA[[TestResult name=Home_Our_solution_test status=SUCCESS method=top_Level_menu_test_Tendable.Home_Our_solution_test()[pri:3, instance:Tests.top_Level_menu_test_Tendable@3c77d488] output={null}]]]>
              </value>
            </param>
          </params>
          <reporter-output>
          </reporter-output>
        </test-method> <!-- afterMethod -->
        <test-method signature="Home_Why_Tendable_test()[pri:4, instance:Tests.top_Level_menu_test_Tendable@3c77d488]" started-at="2024-02-25T17:21:23 IST" name="Home_Why_Tendable_test" description="verifying Why_Tendable from menus" finished-at="2024-02-25T17:21:43 IST" duration-ms="19713" status="PASS">
          <reporter-output>
          </reporter-output>
        </test-method> <!-- Home_Why_Tendable_test -->
        <test-method is-config="true" signature="verify_main_Page()[pri:0, instance:Tests.top_Level_menu_test_Tendable@3c77d488]" started-at="2024-02-25T17:21:23 IST" name="verify_main_Page" finished-at="2024-02-25T17:21:23 IST" duration-ms="0" status="PASS">
          <reporter-output>
          </reporter-output>
        </test-method> <!-- verify_main_Page -->
        <test-method is-config="true" signature="afterMethod(org.testng.ITestResult)[pri:0, instance:Tests.top_Level_menu_test_Tendable@3c77d488]" started-at="2024-02-25T17:21:43 IST" name="afterMethod" finished-at="2024-02-25T17:21:43 IST" duration-ms="0" status="PASS">
          <params>
            <param index="0">
              <value>
                <![CDATA[[TestResult name=Home_Why_Tendable_test status=SUCCESS method=top_Level_menu_test_Tendable.Home_Why_Tendable_test()[pri:4, instance:Tests.top_Level_menu_test_Tendable@3c77d488] output={null}]]]>
              </value>
            </param>
          </params>
          <reporter-output>
          </reporter-output>
        </test-method> <!-- afterMethod -->
        <test-method is-config="true" signature="verify_main_Page()[pri:0, instance:Tests.top_Level_menu_test_Tendable@3c77d488]" started-at="2024-02-25T17:21:43 IST" name="verify_main_Page" finished-at="2024-02-25T17:21:43 IST" duration-ms="5" status="PASS">
          <reporter-output>
          </reporter-output>
        </test-method> <!-- verify_main_Page -->
        <test-method signature="test_contact_us()[pri:5, instance:Tests.top_Level_menu_test_Tendable@3c77d488]" started-at="2024-02-25T17:21:43 IST" name="test_contact_us" description="verifying contact us" finished-at="2024-02-25T17:22:04 IST" duration-ms="21302" status="PASS">
          <reporter-output>
          </reporter-output>
        </test-method> <!-- test_contact_us -->
        <test-method is-config="true" signature="afterMethod(org.testng.ITestResult)[pri:0, instance:Tests.top_Level_menu_test_Tendable@3c77d488]" started-at="2024-02-25T17:22:04 IST" name="afterMethod" finished-at="2024-02-25T17:22:04 IST" duration-ms="0" status="PASS">
          <params>
            <param index="0">
              <value>
                <![CDATA[[TestResult name=test_contact_us status=SUCCESS method=top_Level_menu_test_Tendable.test_contact_us()[pri:5, instance:Tests.top_Level_menu_test_Tendable@3c77d488] output={null}]]]>
              </value>
            </param>
          </params>
          <reporter-output>
          </reporter-output>
        </test-method> <!-- afterMethod -->
        <test-method is-config="true" signature="setDown(java.lang.String)[pri:0, instance:Tests.top_Level_menu_test_Tendable@3c77d488]" started-at="2024-02-25T17:22:04 IST" name="setDown" finished-at="2024-02-25T17:22:05 IST" duration-ms="648" status="PASS">
          <params>
            <param index="0">
              <value>
                <![CDATA[chrome]]>
              </value>
            </param>
          </params>
          <reporter-output>
          </reporter-output>
        </test-method> <!-- setDown -->
      </class> <!-- Tests.top_Level_menu_test_Tendable -->
    </test> <!-- Test -->
  </suite> <!-- Suite -->
</testng-results>
